<?xml version="1.0" encoding="UTF-8"?>
<!-- Generated by org.testng.reporters.JUnitReportReporter -->
<testsuite hostname="LAPTOP-DTIL5QAT" failures="0" tests="5" name="Practice.AppiumFramework.SDET_MobileAssignment" time="223.295" errors="0" timestamp="2021-01-03T20:01:24 IST" skipped="0">
  <testcase classname="Practice.AppiumFramework.SDET_MobileAssignment" name="signIn" time="76.673"/>
  <system-out/>
  <testcase classname="Practice.AppiumFramework.SDET_MobileAssignment" name="joinClass" time="28.486"/>
  <system-out/>
  <testcase classname="Practice.AppiumFramework.SDET_MobileAssignment" name="courseSearch" time="24.041"/>
  <system-out/>
  <testcase classname="Practice.AppiumFramework.SDET_MobileAssignment" name="manageTeacher" time="15.231"/>
  <system-out/>
  <testcase classname="Practice.AppiumFramework.SDET_MobileAssignment" name="termsOfservice" time="78.864"/>
  <system-out/>
</testsuite> <!-- Practice.AppiumFramework.SDET_MobileAssignment -->
