<?xml version="1.0" encoding="UTF-8"?>
<!-- Generated by org.testng.reporters.JUnitReportReporter -->
<testsuite hostname="LAPTOP-DTIL5QAT" failures="0" tests="5" name="Practice.AppiumFramework.SDET_MobileAssignment" time="234.610" errors="0" timestamp="2021-01-03T20:46:31 IST" skipped="0">
  <testcase classname="Practice.AppiumFramework.SDET_MobileAssignment" name="signIn" time="83.353"/>
  <system-out/>
  <testcase classname="Practice.AppiumFramework.SDET_MobileAssignment" name="joinClass" time="32.224"/>
  <system-out/>
  <testcase classname="Practice.AppiumFramework.SDET_MobileAssignment" name="courseSearch" time="23.954"/>
  <system-out/>
  <testcase classname="Practice.AppiumFramework.SDET_MobileAssignment" name="manageTeacher" time="14.903"/>
  <system-out/>
  <testcase classname="Practice.AppiumFramework.SDET_MobileAssignment" name="termsOfservice" time="80.176"/>
  <system-out/>
</testsuite> <!-- Practice.AppiumFramework.SDET_MobileAssignment -->
